<?xml version="1.0" encoding="UTF-8"?>
<testsuite name="MoodAnalyzerTest" tests="1" skipped="0" failures="0" errors="0" timestamp="2021-02-23T11:27:14" hostname="PARAG" time="0.005">
  <properties/>
  <testcase name="givenNullMoodShouldThrowException" classname="MoodAnalyzerTest" time="0.005"/>
  <system-out><![CDATA[]]></system-out>
  <system-err><![CDATA[]]></system-err>
</testsuite>
